{"/mnt/c/linux/repos/sykkel/src/assets/bike-loader.gif": {"path":"/mnt/c/linux/repos/sykkel/src/assets/bike-loader.gif","statementMap":{"0":{"start":{"line":1,"column":0},"end":{"line":1,"column":20}}},"fnMap":{},"branchMap":{},"s":{"0":1},"f":{},"b":{},"inputSourceMap":null,"_coverageSchema":"1a1c01bbd47fc00a2c39e90264f33305004495a9","hash":"4f4a1eb394e0b11c5ded0e8a2a410c352b0e71ba"}
,"/mnt/c/linux/repos/sykkel/src/assets/oops.png": {"path":"/mnt/c/linux/repos/sykkel/src/assets/oops.png","statementMap":{"0":{"start":{"line":1,"column":0},"end":{"line":1,"column":20}}},"fnMap":{},"branchMap":{},"s":{"0":1},"f":{},"b":{},"inputSourceMap":null,"_coverageSchema":"1a1c01bbd47fc00a2c39e90264f33305004495a9","hash":"6da34ff10c299f37ea2df7f6cc26e0089cceeb68"}
,"/mnt/c/linux/repos/sykkel/src/lib/Map.svelte": {"path":"/mnt/c/linux/repos/sykkel/src/lib/Map.svelte","statementMap":{"0":{"start":{"line":2,"column":18},"end":{"line":2,"column":null}},"1":{"start":{"line":135,"column":8},"end":{"line":137,"column":null}},"2":{"start":{"line":134,"column":4},"end":{"line":134,"column":null}},"3":{"start":{"line":133,"column":7},"end":{"line":133,"column":null}},"4":{"start":{"line":133,"column":12},"end":{"line":133,"column":null}},"5":{"start":{"line":132,"column":0},"end":{"line":138,"column":null}},"6":{"start":{"line":12,"column":22},"end":{"line":12,"column":112}},"7":{"start":{"line":4,"column":21},"end":{"line":4,"column":null}},"8":{"start":{"line":5,"column":22},"end":{"line":5,"column":null}},"9":{"start":{"line":6,"column":21},"end":{"line":6,"column":null}},"10":{"start":{"line":24,"column":4},"end":{"line":24,"column":null}},"11":{"start":{"line":31,"column":4},"end":{"line":31,"column":null}},"12":{"start":{"line":38,"column":15},"end":{"line":38,"column":null}},"13":{"start":{"line":51,"column":18},"end":{"line":51,"column":null}},"14":{"start":{"line":52,"column":6},"end":{"line":52,"column":null}},"15":{"start":{"line":54,"column":23},"end":{"line":54,"column":null}},"16":{"start":{"line":55,"column":6},"end":{"line":55,"column":null}},"17":{"start":{"line":56,"column":6},"end":{"line":56,"column":null}},"18":{"start":{"line":59,"column":6},"end":{"line":59,"column":null}},"19":{"start":{"line":61,"column":6},"end":{"line":61,"column":null}},"20":{"start":{"line":75,"column":17},"end":{"line":75,"column":null}},"21":{"start":{"line":78,"column":22},"end":{"line":78,"column":null}},"22":{"start":{"line":79,"column":6},"end":{"line":79,"column":null}},"23":{"start":{"line":80,"column":6},"end":{"line":80,"column":null}},"24":{"start":{"line":82,"column":22},"end":{"line":82,"column":null}},"25":{"start":{"line":83,"column":6},"end":{"line":83,"column":null}},"26":{"start":{"line":84,"column":6},"end":{"line":84,"column":null}},"27":{"start":{"line":86,"column":23},"end":{"line":86,"column":null}},"28":{"start":{"line":87,"column":6},"end":{"line":87,"column":null}},"29":{"start":{"line":88,"column":6},"end":{"line":88,"column":null}},"30":{"start":{"line":89,"column":6},"end":{"line":89,"column":null}},"31":{"start":{"line":90,"column":6},"end":{"line":90,"column":null}},"32":{"start":{"line":92,"column":21},"end":{"line":92,"column":null}},"33":{"start":{"line":95,"column":6},"end":{"line":95,"column":null}},"34":{"start":{"line":96,"column":6},"end":{"line":96,"column":null}},"35":{"start":{"line":100,"column":4},"end":{"line":100,"column":null}},"36":{"start":{"line":101,"column":4},"end":{"line":101,"column":null}},"37":{"start":{"line":124,"column":6},"end":{"line":124,"column":null}},"38":{"start":{"line":126,"column":6},"end":{"line":126,"column":null}},"39":{"start":{"line":107,"column":6},"end":{"line":107,"column":null}},"40":{"start":{"line":114,"column":6},"end":{"line":114,"column":null}}},"fnMap":{},"branchMap":{"0":{"loc":{"start":{"line":133,"column":7},"end":{"line":133,"column":null}},"type":"if","locations":[{"start":{"line":133,"column":7},"end":{"line":133,"column":null}}]},"1":{"loc":{"start":{"line":113,"column":8},"end":{"line":113,"column":null}},"type":"binary-expr","locations":[{"start":{"line":113,"column":8},"end":{"line":113,"column":11}},{"start":{"line":113,"column":15},"end":{"line":113,"column":null}}]}},"s":{"0":1,"1":1,"2":1,"3":2,"4":1,"5":1,"6":1,"7":1,"8":1,"9":1,"10":1,"11":0,"12":1,"13":0,"14":0,"15":0,"16":0,"17":0,"18":0,"19":0,"20":0,"21":0,"22":0,"23":0,"24":0,"25":0,"26":0,"27":0,"28":0,"29":0,"30":0,"31":0,"32":0,"33":0,"34":0,"35":0,"36":0,"37":1,"38":1,"39":0,"40":0},"f":{},"b":{"0":[1],"1":[1,0]}}
,"/mnt/c/linux/repos/sykkel/src/lib/Station.svelte": {"path":"/mnt/c/linux/repos/sykkel/src/lib/Station.svelte","statementMap":{"0":{"start":{"line":2,"column":14},"end":{"line":2,"column":null}},"1":{"start":{"line":3,"column":14},"end":{"line":3,"column":null}},"2":{"start":{"line":4,"column":19},"end":{"line":4,"column":null}},"3":{"start":{"line":32,"column":11},"end":{"line":32,"column":null}},"4":{"start":{"line":39,"column":11},"end":{"line":39,"column":null}},"5":{"start":{"line":47,"column":12},"end":{"line":47,"column":null}},"6":{"start":{"line":60,"column":11},"end":{"line":60,"column":null}},"7":{"start":{"line":43,"column":33},"end":{"line":43,"column":43}},"8":{"start":{"line":69,"column":7},"end":{"line":69,"column":null}},"9":{"start":{"line":30,"column":33},"end":{"line":30,"column":null}},"10":{"start":{"line":37,"column":35},"end":{"line":37,"column":null}},"11":{"start":{"line":67,"column":29},"end":{"line":67,"column":63}},"12":{"start":{"line":67,"column":34},"end":{"line":67,"column":63}},"13":{"start":{"line":67,"column":63},"end":{"line":67,"column":96}},"14":{"start":{"line":77,"column":46},"end":{"line":77,"column":null}},"15":{"start":{"line":24,"column":0},"end":{"line":80,"column":null}},"16":{"start":{"line":25,"column":2},"end":{"line":64,"column":null}},"17":{"start":{"line":26,"column":4},"end":{"line":44,"column":null}},"18":{"start":{"line":27,"column":6},"end":{"line":42,"column":null}},"19":{"start":{"line":28,"column":8},"end":{"line":33,"column":null}},"20":{"start":{"line":35,"column":8},"end":{"line":40,"column":null}},"21":{"start":{"line":43,"column":6},"end":{"line":43,"column":null}},"22":{"start":{"line":46,"column":4},"end":{"line":63,"column":null}},"23":{"start":{"line":66,"column":2},"end":{"line":71,"column":null}},"24":{"start":{"line":67,"column":4},"end":{"line":67,"column":null}},"25":{"start":{"line":68,"column":4},"end":{"line":70,"column":null}},"26":{"start":{"line":73,"column":2},"end":{"line":79,"column":null}},"27":{"start":{"line":78,"column":4},"end":{"line":78,"column":null}},"28":{"start":{"line":32,"column":42},"end":{"line":32,"column":null}},"29":{"start":{"line":39,"column":45},"end":{"line":39,"column":null}},"30":{"start":{"line":49,"column":14},"end":{"line":49,"column":null}},"31":{"start":{"line":55,"column":14},"end":{"line":55,"column":null}},"32":{"start":{"line":48,"column":8},"end":{"line":48,"column":null}},"33":{"start":{"line":51,"column":16},"end":{"line":51,"column":null}},"34":{"start":{"line":50,"column":8},"end":{"line":50,"column":null}},"35":{"start":{"line":52,"column":10},"end":{"line":52,"column":null}},"36":{"start":{"line":56,"column":8},"end":{"line":56,"column":null}},"37":{"start":{"line":61,"column":30},"end":{"line":61,"column":108}},"38":{"start":{"line":61,"column":14},"end":{"line":61,"column":30}},"39":{"start":{"line":61,"column":8},"end":{"line":61,"column":null}},"40":{"start":{"line":61,"column":100},"end":{"line":61,"column":108}},"41":{"start":{"line":23,"column":6},"end":{"line":23,"column":null}},"42":{"start":{"line":6,"column":17},"end":{"line":6,"column":null}},"43":{"start":{"line":7,"column":28},"end":{"line":7,"column":null}},"44":{"start":{"line":8,"column":27},"end":{"line":8,"column":null}},"45":{"start":{"line":9,"column":23},"end":{"line":9,"column":null}},"46":{"start":{"line":10,"column":25},"end":{"line":10,"column":null}},"47":{"start":{"line":11,"column":21},"end":{"line":11,"column":null}},"48":{"start":{"line":12,"column":22},"end":{"line":12,"column":null}},"49":{"start":{"line":13,"column":24},"end":{"line":13,"column":null}},"50":{"start":{"line":14,"column":21},"end":{"line":14,"column":null}},"51":{"start":{"line":15,"column":22},"end":{"line":15,"column":null}},"52":{"start":{"line":16,"column":21},"end":{"line":16,"column":null}},"53":{"start":{"line":76,"column":21},"end":{"line":76,"column":null}},"54":{"start":{"line":19,"column":2},"end":{"line":19,"column":null}},"55":{"start":{"line":19,"column":3},"end":{"line":19,"column":null}}},"fnMap":{"0":{"name":"(anonymous_37)","decl":{"start":{"line":76,"column":21},"end":{"line":76,"column":27}},"loc":{"start":{"line":76,"column":21},"end":{"line":76,"column":null}}}},"branchMap":{"0":{"loc":{"start":{"line":32,"column":11},"end":{"line":32,"column":42}},"type":"cond-expr","locations":[{"start":{"line":32,"column":24},"end":{"line":32,"column":41}},{"start":{"line":32,"column":41},"end":{"line":32,"column":42}}]},"1":{"loc":{"start":{"line":39,"column":11},"end":{"line":39,"column":45}},"type":"cond-expr","locations":[{"start":{"line":39,"column":26},"end":{"line":39,"column":44}},{"start":{"line":39,"column":44},"end":{"line":39,"column":45}}]},"2":{"loc":{"start":{"line":47,"column":12},"end":{"line":47,"column":null}},"type":"binary-expr","locations":[{"start":{"line":47,"column":12},"end":{"line":47,"column":27}},{"start":{"line":47,"column":22},"end":{"line":47,"column":null}},{"start":{"line":47,"column":39},"end":{"line":47,"column":null}}]},"3":{"loc":{"start":{"line":60,"column":11},"end":{"line":60,"column":null}},"type":"binary-expr","locations":[{"start":{"line":60,"column":11},"end":{"line":60,"column":null}},{"start":{"line":60,"column":22},"end":{"line":60,"column":null}}]},"4":{"loc":{"start":{"line":67,"column":29},"end":{"line":67,"column":63}},"type":"if","locations":[{"start":{"line":67,"column":29},"end":{"line":67,"column":63}}]},"5":{"loc":{"start":{"line":32,"column":11},"end":{"line":32,"column":null}},"type":"if","locations":[{"start":{"line":32,"column":11},"end":{"line":32,"column":null}}]},"6":{"loc":{"start":{"line":32,"column":11},"end":{"line":32,"column":null}},"type":"binary-expr","locations":[{"start":{"line":32,"column":11},"end":{"line":32,"column":21}},{"start":{"line":32,"column":11},"end":{"line":32,"column":null}}]},"7":{"loc":{"start":{"line":39,"column":11},"end":{"line":39,"column":null}},"type":"if","locations":[{"start":{"line":39,"column":11},"end":{"line":39,"column":null}}]},"8":{"loc":{"start":{"line":39,"column":11},"end":{"line":39,"column":null}},"type":"binary-expr","locations":[{"start":{"line":39,"column":11},"end":{"line":39,"column":23}},{"start":{"line":39,"column":11},"end":{"line":39,"column":null}}]},"9":{"loc":{"start":{"line":43,"column":33},"end":{"line":43,"column":43}},"type":"if","locations":[{"start":{"line":43,"column":33},"end":{"line":43,"column":43}}]},"10":{"loc":{"start":{"line":47,"column":12},"end":{"line":47,"column":null}},"type":"binary-expr","locations":[{"start":{"line":47,"column":12},"end":{"line":47,"column":27}},{"start":{"line":47,"column":22},"end":{"line":47,"column":null}}]},"11":{"loc":{"start":{"line":69,"column":7},"end":{"line":69,"column":null}},"type":"if","locations":[{"start":{"line":69,"column":7},"end":{"line":69,"column":null}}]},"12":{"loc":{"start":{"line":49,"column":14},"end":{"line":49,"column":null}},"type":"binary-expr","locations":[{"start":{"line":49,"column":14},"end":{"line":49,"column":null}},{"start":{"line":49,"column":24},"end":{"line":49,"column":null}}]},"13":{"loc":{"start":{"line":55,"column":14},"end":{"line":55,"column":null}},"type":"binary-expr","locations":[{"start":{"line":55,"column":14},"end":{"line":55,"column":null}},{"start":{"line":55,"column":26},"end":{"line":55,"column":null}}]},"14":{"loc":{"start":{"line":51,"column":16},"end":{"line":51,"column":null}},"type":"binary-expr","locations":[{"start":{"line":51,"column":16},"end":{"line":51,"column":null}},{"start":{"line":51,"column":28},"end":{"line":51,"column":null}}]},"15":{"loc":{"start":{"line":61,"column":30},"end":{"line":61,"column":108}},"type":"if","locations":[{"start":{"line":61,"column":30},"end":{"line":61,"column":108}}]},"16":{"loc":{"start":{"line":61,"column":30},"end":{"line":61,"column":108}},"type":"binary-expr","locations":[{"start":{"line":61,"column":30},"end":{"line":61,"column":38}},{"start":{"line":61,"column":30},"end":{"line":61,"column":108}}]},"17":{"loc":{"start":{"line":23,"column":6},"end":{"line":23,"column":null}},"type":"binary-expr","locations":[{"start":{"line":23,"column":6},"end":{"line":23,"column":19}},{"start":{"line":23,"column":19},"end":{"line":23,"column":39}},{"start":{"line":23,"column":43},"end":{"line":23,"column":62}},{"start":{"line":23,"column":68},"end":{"line":23,"column":88}},{"start":{"line":23,"column":92},"end":{"line":23,"column":110}},{"start":{"line":23,"column":110},"end":{"line":23,"column":null}}]},"18":{"loc":{"start":{"line":23,"column":6},"end":{"line":23,"column":110}},"type":"binary-expr","locations":[{"start":{"line":23,"column":6},"end":{"line":23,"column":19}},{"start":{"line":23,"column":19},"end":{"line":23,"column":39}},{"start":{"line":23,"column":43},"end":{"line":23,"column":62}},{"start":{"line":23,"column":68},"end":{"line":23,"column":88}},{"start":{"line":23,"column":92},"end":{"line":23,"column":110}}]},"19":{"loc":{"start":{"line":19,"column":21},"end":{"line":19,"column":97}},"type":"cond-expr","locations":[{"start":{"line":19,"column":40},"end":{"line":19,"column":75}},{"start":{"line":19,"column":78},"end":{"line":19,"column":97}}]}},"s":{"0":2,"1":2,"2":2,"3":9,"4":9,"5":9,"6":9,"7":9,"8":9,"9":9,"10":9,"11":9,"12":9,"13":9,"14":9,"15":9,"16":9,"17":9,"18":9,"19":9,"20":9,"21":9,"22":9,"23":9,"24":9,"25":9,"26":9,"27":9,"28":0,"29":0,"30":3,"31":3,"32":3,"33":2,"34":2,"35":1,"36":2,"37":9,"38":9,"39":9,"40":0,"41":9,"42":9,"43":9,"44":9,"45":9,"46":9,"47":9,"48":9,"49":9,"50":9,"51":9,"52":9,"53":9,"54":9,"55":9},"f":{"0":0},"b":{"0":[7,2],"1":[7,2],"2":[9,7,3],"3":[9,9],"4":[9],"5":[0],"6":[0,0],"7":[0],"8":[0,0],"9":[0],"10":[0,0],"11":[0],"12":[3,2],"13":[3,2],"14":[2,1],"15":[0],"16":[0,0],"17":[9,0,0,0,0,9],"18":[0,0,0,0,0],"19":[5,4]}}
,"/mnt/c/linux/repos/sykkel/src/lib/Stations.svelte": {"path":"/mnt/c/linux/repos/sykkel/src/lib/Stations.svelte","statementMap":{"0":{"start":{"line":2,"column":17},"end":{"line":2,"column":null}},"1":{"start":{"line":3,"column":42},"end":{"line":3,"column":null}},"2":{"start":{"line":4,"column":21},"end":{"line":4,"column":null}},"3":{"start":{"line":5,"column":15},"end":{"line":5,"column":null}},"4":{"start":{"line":6,"column":18},"end":{"line":6,"column":null}},"5":{"start":{"line":9,"column":13},"end":{"line":9,"column":null}},"6":{"start":{"line":10,"column":15},"end":{"line":10,"column":null}},"7":{"start":{"line":13,"column":16},"end":{"line":13,"column":null}},"8":{"start":{"line":14,"column":12},"end":{"line":14,"column":null}},"9":{"start":{"line":171,"column":1},"end":{"line":177,"column":null}},"10":{"start":{"line":173,"column":16},"end":{"line":173,"column":null}},"11":{"start":{"line":174,"column":16},"end":{"line":174,"column":null}},"12":{"start":{"line":175,"column":17},"end":{"line":175,"column":null}},"13":{"start":{"line":186,"column":10},"end":{"line":188,"column":null}},"14":{"start":{"line":184,"column":17},"end":{"line":186,"column":10}},"15":{"start":{"line":194,"column":8},"end":{"line":194,"column":25}},"16":{"start":{"line":193,"column":2},"end":{"line":195,"column":null}},"17":{"start":{"line":194,"column":4},"end":{"line":194,"column":null}},"18":{"start":{"line":205,"column":9},"end":{"line":205,"column":null}},"19":{"start":{"line":205,"column":28},"end":{"line":205,"column":null}},"20":{"start":{"line":204,"column":2},"end":{"line":227,"column":null}},"21":{"start":{"line":201,"column":8},"end":{"line":201,"column":17}},"22":{"start":{"line":200,"column":14},"end":{"line":200,"column":45}},"23":{"start":{"line":200,"column":18},"end":{"line":200,"column":45}},"24":{"start":{"line":199,"column":2},"end":{"line":202,"column":null}},"25":{"start":{"line":200,"column":4},"end":{"line":200,"column":null}},"26":{"start":{"line":201,"column":4},"end":{"line":201,"column":null}},"27":{"start":{"line":223,"column":18},"end":{"line":223,"column":45}},"28":{"start":{"line":223,"column":24},"end":{"line":223,"column":45}},"29":{"start":{"line":222,"column":6},"end":{"line":225,"column":null}},"30":{"start":{"line":223,"column":8},"end":{"line":223,"column":null}},"31":{"start":{"line":224,"column":8},"end":{"line":224,"column":null}},"32":{"start":{"line":206,"column":11},"end":{"line":206,"column":32}},"33":{"start":{"line":206,"column":78},"end":{"line":206,"column":96}},"34":{"start":{"line":206,"column":6},"end":{"line":206,"column":10}},"35":{"start":{"line":208,"column":14},"end":{"line":208,"column":null}},"36":{"start":{"line":209,"column":19},"end":{"line":209,"column":null}},"37":{"start":{"line":210,"column":18},"end":{"line":210,"column":null}},"38":{"start":{"line":211,"column":20},"end":{"line":211,"column":null}},"39":{"start":{"line":212,"column":22},"end":{"line":212,"column":null}},"40":{"start":{"line":213,"column":24},"end":{"line":213,"column":null}},"41":{"start":{"line":214,"column":25},"end":{"line":214,"column":null}},"42":{"start":{"line":215,"column":18},"end":{"line":215,"column":null}},"43":{"start":{"line":216,"column":19},"end":{"line":216,"column":null}},"44":{"start":{"line":217,"column":21},"end":{"line":217,"column":null}},"45":{"start":{"line":218,"column":18},"end":{"line":218,"column":null}},"46":{"start":{"line":166,"column":97},"end":{"line":166,"column":133}},"47":{"start":{"line":170,"column":5},"end":{"line":170,"column":null}},"48":{"start":{"line":184,"column":10},"end":{"line":184,"column":null}},"49":{"start":{"line":184,"column":17},"end":{"line":184,"column":null}},"50":{"start":{"line":192,"column":5},"end":{"line":192,"column":null}},"51":{"start":{"line":198,"column":5},"end":{"line":198,"column":null}},"52":{"start":{"line":198,"column":10},"end":{"line":198,"column":null}},"53":{"start":{"line":166,"column":70},"end":{"line":166,"column":97}},"54":{"start":{"line":166,"column":133},"end":{"line":166,"column":142}},"55":{"start":{"line":158,"column":0},"end":{"line":168,"column":null}},"56":{"start":{"line":159,"column":2},"end":{"line":161,"column":null}},"57":{"start":{"line":162,"column":2},"end":{"line":167,"column":null}},"58":{"start":{"line":163,"column":4},"end":{"line":163,"column":null}},"59":{"start":{"line":164,"column":4},"end":{"line":164,"column":null}},"60":{"start":{"line":165,"column":4},"end":{"line":165,"column":null}},"61":{"start":{"line":166,"column":4},"end":{"line":166,"column":null}},"62":{"start":{"line":180,"column":0},"end":{"line":190,"column":null}},"63":{"start":{"line":181,"column":2},"end":{"line":181,"column":null}},"64":{"start":{"line":182,"column":2},"end":{"line":182,"column":null}},"65":{"start":{"line":183,"column":2},"end":{"line":189,"column":null}},"66":{"start":{"line":166,"column":132},"end":{"line":166,"column":133}},"67":{"start":{"line":206,"column":32},"end":{"line":206,"column":64}},"68":{"start":{"line":206,"column":41},"end":{"line":206,"column":64}},"69":{"start":{"line":26,"column":31},"end":{"line":26,"column":36}},"70":{"start":{"line":27,"column":20},"end":{"line":27,"column":25}},"71":{"start":{"line":34,"column":18},"end":{"line":34,"column":27}},"72":{"start":{"line":35,"column":19},"end":{"line":35,"column":28}},"73":{"start":{"line":42,"column":14},"end":{"line":42,"column":null}},"74":{"start":{"line":61,"column":18},"end":{"line":61,"column":23}},"75":{"start":{"line":72,"column":10},"end":{"line":72,"column":null}},"76":{"start":{"line":73,"column":10},"end":{"line":73,"column":null}},"77":{"start":{"line":74,"column":10},"end":{"line":74,"column":null}},"78":{"start":{"line":99,"column":4},"end":{"line":99,"column":null}},"79":{"start":{"line":100,"column":4},"end":{"line":100,"column":null}},"80":{"start":{"line":101,"column":21},"end":{"line":101,"column":51}},"81":{"start":{"line":102,"column":21},"end":{"line":102,"column":53}},"82":{"start":{"line":103,"column":17},"end":{"line":103,"column":18}},"83":{"start":{"line":105,"column":8},"end":{"line":105,"column":null}},"84":{"start":{"line":106,"column":8},"end":{"line":106,"column":null}},"85":{"start":{"line":119,"column":14},"end":{"line":119,"column":null}},"86":{"start":{"line":121,"column":6},"end":{"line":121,"column":null}},"87":{"start":{"line":123,"column":6},"end":{"line":123,"column":null}},"88":{"start":{"line":124,"column":6},"end":{"line":124,"column":null}},"89":{"start":{"line":126,"column":8},"end":{"line":126,"column":null}},"90":{"start":{"line":127,"column":8},"end":{"line":127,"column":null}},"91":{"start":{"line":128,"column":8},"end":{"line":128,"column":null}},"92":{"start":{"line":142,"column":4},"end":{"line":142,"column":null}},"93":{"start":{"line":143,"column":4},"end":{"line":143,"column":null}},"94":{"start":{"line":144,"column":4},"end":{"line":144,"column":null}},"95":{"start":{"line":145,"column":4},"end":{"line":145,"column":null}},"96":{"start":{"line":163,"column":42},"end":{"line":163,"column":102}},"97":{"start":{"line":164,"column":42},"end":{"line":164,"column":107}},"98":{"start":{"line":165,"column":42},"end":{"line":165,"column":101}},"99":{"start":{"line":166,"column":42},"end":{"line":166,"column":70}},"100":{"start":{"line":181,"column":43},"end":{"line":181,"column":89}},"101":{"start":{"line":182,"column":43},"end":{"line":182,"column":89}},"102":{"start":{"line":183,"column":74},"end":{"line":183,"column":null}},"103":{"start":{"line":51,"column":8},"end":{"line":51,"column":null}},"104":{"start":{"line":52,"column":8},"end":{"line":52,"column":null}},"105":{"start":{"line":57,"column":15},"end":{"line":57,"column":null}}},"fnMap":{"0":{"name":"(anonymous_42)","decl":{"start":{"line":206,"column":78},"end":{"line":206,"column":85}},"loc":{"start":{"line":206,"column":78},"end":{"line":206,"column":96}}},"1":{"name":"(anonymous_68)","decl":{"start":{"line":206,"column":32},"end":{"line":206,"column":33}},"loc":{"start":{"line":206,"column":41},"end":{"line":206,"column":64}}},"2":{"name":"(anonymous_79)","decl":{"start":{"line":163,"column":42},"end":{"line":163,"column":54}},"loc":{"start":{"line":163,"column":42},"end":{"line":163,"column":102}}},"3":{"name":"(anonymous_80)","decl":{"start":{"line":164,"column":42},"end":{"line":164,"column":54}},"loc":{"start":{"line":164,"column":42},"end":{"line":164,"column":107}}},"4":{"name":"(anonymous_81)","decl":{"start":{"line":165,"column":42},"end":{"line":165,"column":54}},"loc":{"start":{"line":165,"column":42},"end":{"line":165,"column":101}}},"5":{"name":"(anonymous_82)","decl":{"start":{"line":166,"column":42},"end":{"line":166,"column":53}},"loc":{"start":{"line":166,"column":42},"end":{"line":166,"column":70}}},"6":{"name":"(anonymous_83)","decl":{"start":{"line":181,"column":43},"end":{"line":181,"column":51}},"loc":{"start":{"line":181,"column":43},"end":{"line":181,"column":89}}},"7":{"name":"(anonymous_84)","decl":{"start":{"line":182,"column":43},"end":{"line":182,"column":51}},"loc":{"start":{"line":182,"column":43},"end":{"line":182,"column":89}}},"8":{"name":"(anonymous_85)","decl":{"start":{"line":183,"column":74},"end":{"line":183,"column":81}},"loc":{"start":{"line":183,"column":74},"end":{"line":183,"column":null}}}},"branchMap":{"0":{"loc":{"start":{"line":173,"column":16},"end":{"line":173,"column":null}},"type":"if","locations":[{"start":{"line":173,"column":16},"end":{"line":173,"column":null}}]},"1":{"loc":{"start":{"line":174,"column":16},"end":{"line":174,"column":null}},"type":"if","locations":[{"start":{"line":174,"column":16},"end":{"line":174,"column":null}}]},"2":{"loc":{"start":{"line":175,"column":17},"end":{"line":175,"column":null}},"type":"if","locations":[{"start":{"line":175,"column":17},"end":{"line":175,"column":null}}]},"3":{"loc":{"start":{"line":194,"column":8},"end":{"line":194,"column":25}},"type":"if","locations":[{"start":{"line":194,"column":8},"end":{"line":194,"column":25}}]},"4":{"loc":{"start":{"line":205,"column":9},"end":{"line":205,"column":null}},"type":"if","locations":[{"start":{"line":205,"column":9},"end":{"line":205,"column":null}}]},"5":{"loc":{"start":{"line":200,"column":14},"end":{"line":200,"column":45}},"type":"if","locations":[{"start":{"line":200,"column":14},"end":{"line":200,"column":45}}]},"6":{"loc":{"start":{"line":201,"column":8},"end":{"line":201,"column":17}},"type":"if","locations":[{"start":{"line":201,"column":8},"end":{"line":201,"column":17}}]},"7":{"loc":{"start":{"line":223,"column":18},"end":{"line":223,"column":45}},"type":"if","locations":[{"start":{"line":223,"column":18},"end":{"line":223,"column":45}}]},"8":{"loc":{"start":{"line":208,"column":14},"end":{"line":208,"column":null}},"type":"if","locations":[{"start":{"line":208,"column":14},"end":{"line":208,"column":null}}]},"9":{"loc":{"start":{"line":209,"column":19},"end":{"line":209,"column":null}},"type":"if","locations":[{"start":{"line":209,"column":19},"end":{"line":209,"column":null}}]},"10":{"loc":{"start":{"line":210,"column":18},"end":{"line":210,"column":null}},"type":"if","locations":[{"start":{"line":210,"column":18},"end":{"line":210,"column":null}}]},"11":{"loc":{"start":{"line":211,"column":20},"end":{"line":211,"column":null}},"type":"if","locations":[{"start":{"line":211,"column":20},"end":{"line":211,"column":null}}]},"12":{"loc":{"start":{"line":212,"column":22},"end":{"line":212,"column":null}},"type":"if","locations":[{"start":{"line":212,"column":22},"end":{"line":212,"column":null}}]},"13":{"loc":{"start":{"line":213,"column":24},"end":{"line":213,"column":null}},"type":"if","locations":[{"start":{"line":213,"column":24},"end":{"line":213,"column":null}}]},"14":{"loc":{"start":{"line":214,"column":25},"end":{"line":214,"column":null}},"type":"if","locations":[{"start":{"line":214,"column":25},"end":{"line":214,"column":null}}]},"15":{"loc":{"start":{"line":215,"column":18},"end":{"line":215,"column":null}},"type":"if","locations":[{"start":{"line":215,"column":18},"end":{"line":215,"column":null}}]},"16":{"loc":{"start":{"line":216,"column":19},"end":{"line":216,"column":null}},"type":"if","locations":[{"start":{"line":216,"column":19},"end":{"line":216,"column":null}}]},"17":{"loc":{"start":{"line":217,"column":21},"end":{"line":217,"column":null}},"type":"if","locations":[{"start":{"line":217,"column":21},"end":{"line":217,"column":null}}]},"18":{"loc":{"start":{"line":218,"column":18},"end":{"line":218,"column":null}},"type":"if","locations":[{"start":{"line":218,"column":18},"end":{"line":218,"column":null}}]},"19":{"loc":{"start":{"line":166,"column":97},"end":{"line":166,"column":132}},"type":"cond-expr","locations":[{"start":{"line":166,"column":111},"end":{"line":166,"column":120}},{"start":{"line":166,"column":123},"end":{"line":166,"column":132}}]},"20":{"loc":{"start":{"line":170,"column":5},"end":{"line":170,"column":null}},"type":"binary-expr","locations":[{"start":{"line":170,"column":5},"end":{"line":170,"column":null}},{"start":{"line":170,"column":12},"end":{"line":170,"column":null}}]},"21":{"loc":{"start":{"line":184,"column":10},"end":{"line":184,"column":null}},"type":"if","locations":[{"start":{"line":184,"column":10},"end":{"line":184,"column":null}}]},"22":{"loc":{"start":{"line":192,"column":5},"end":{"line":192,"column":null}},"type":"binary-expr","locations":[{"start":{"line":192,"column":5},"end":{"line":192,"column":null}},{"start":{"line":192,"column":18},"end":{"line":192,"column":null}}]},"23":{"loc":{"start":{"line":198,"column":5},"end":{"line":198,"column":null}},"type":"if","locations":[{"start":{"line":198,"column":5},"end":{"line":198,"column":null}}]},"24":{"loc":{"start":{"line":166,"column":97},"end":{"line":166,"column":133}},"type":"if","locations":[{"start":{"line":166,"column":97},"end":{"line":166,"column":133}}]},"25":{"loc":{"start":{"line":166,"column":97},"end":{"line":166,"column":133}},"type":"binary-expr","locations":[{"start":{"line":166,"column":97},"end":{"line":166,"column":108}},{"start":{"line":166,"column":97},"end":{"line":166,"column":108}},{"start":{"line":166,"column":97},"end":{"line":166,"column":133}}]}},"s":{"0":1,"1":1,"2":1,"3":1,"4":1,"5":1,"6":1,"7":1,"8":1,"9":1,"10":0,"11":0,"12":0,"13":1,"14":5,"15":0,"16":0,"17":0,"18":8,"19":2,"20":4,"21":1,"22":1,"23":1,"24":1,"25":1,"26":1,"27":4,"28":4,"29":4,"30":4,"31":4,"32":2,"33":10,"34":4,"35":0,"36":0,"37":0,"38":0,"39":0,"40":0,"41":0,"42":0,"43":0,"44":0,"45":0,"46":9,"47":4,"48":9,"49":8,"50":4,"51":9,"52":1,"53":4,"54":4,"55":4,"56":4,"57":4,"58":4,"59":4,"60":4,"61":4,"62":4,"63":4,"64":4,"65":4,"66":0,"67":1,"68":2,"69":4,"70":4,"71":4,"72":4,"73":4,"74":4,"75":0,"76":0,"77":0,"78":0,"79":0,"80":0,"81":0,"82":0,"83":0,"84":0,"85":0,"86":4,"87":1,"88":1,"89":0,"90":0,"91":0,"92":4,"93":4,"94":4,"95":4,"96":4,"97":4,"98":4,"99":4,"100":4,"101":4,"102":6,"103":4,"104":4,"105":4},"f":{"0":8,"1":2,"2":0,"3":0,"4":0,"5":0,"6":0,"7":0,"8":2},"b":{"0":[0],"1":[0],"2":[0],"3":[0],"4":[2],"5":[1],"6":[0],"7":[4],"8":[0],"9":[0],"10":[0],"11":[0],"12":[0],"13":[0],"14":[0],"15":[0],"16":[0],"17":[0],"18":[0],"19":[0,4],"20":[4,0],"21":[8],"22":[4,0],"23":[1],"24":[0],"25":[5,5,0]}}
,"/mnt/c/linux/repos/sykkel/src/lib/api/oslobysykkel.js": {"path":"/mnt/c/linux/repos/sykkel/src/lib/api/oslobysykkel.js","statementMap":{"0":{"start":{"line":3,"column":17},"end":{"line":3,"column":65}},"1":{"start":{"line":5,"column":13},"end":{"line":186,"column":1}},"2":{"start":{"line":20,"column":4},"end":{"line":22,"column":5}},"3":{"start":{"line":21,"column":6},"end":{"line":21,"column":112}},"4":{"start":{"line":24,"column":20},"end":{"line":24,"column":29}},"5":{"start":{"line":25,"column":29},"end":{"line":25,"column":31}},"6":{"start":{"line":27,"column":4},"end":{"line":31,"column":5}},"7":{"start":{"line":28,"column":6},"end":{"line":28,"column":31}},"8":{"start":{"line":29,"column":11},"end":{"line":31,"column":5}},"9":{"start":{"line":30,"column":6},"end":{"line":30,"column":79}},"10":{"start":{"line":34,"column":26},"end":{"line":40,"column":15}},"11":{"start":{"line":42,"column":4},"end":{"line":47,"column":5}},"12":{"start":{"line":43,"column":6},"end":{"line":43,"column":48}},"13":{"start":{"line":45,"column":6},"end":{"line":45,"column":40}},"14":{"start":{"line":46,"column":6},"end":{"line":46,"column":73}},"15":{"start":{"line":59,"column":18},"end":{"line":62,"column":5}},"16":{"start":{"line":63,"column":4},"end":{"line":63,"column":53}},"17":{"start":{"line":73,"column":18},"end":{"line":73,"column":55}},"18":{"start":{"line":74,"column":4},"end":{"line":76,"column":5}},"19":{"start":{"line":75,"column":6},"end":{"line":75,"column":24}},"20":{"start":{"line":77,"column":4},"end":{"line":77,"column":16}},"21":{"start":{"line":94,"column":21},"end":{"line":94,"column":42}},"22":{"start":{"line":95,"column":16},"end":{"line":95,"column":44}},"23":{"start":{"line":96,"column":25},"end":{"line":96,"column":49}},"24":{"start":{"line":97,"column":4},"end":{"line":105,"column":5}},"25":{"start":{"line":98,"column":23},"end":{"line":98,"column":71}},"26":{"start":{"line":99,"column":6},"end":{"line":104,"column":7}},"27":{"start":{"line":100,"column":8},"end":{"line":100,"column":68}},"28":{"start":{"line":101,"column":8},"end":{"line":101,"column":43}},"29":{"start":{"line":103,"column":8},"end":{"line":103,"column":65}},"30":{"start":{"line":106,"column":4},"end":{"line":106,"column":24}},"31":{"start":{"line":124,"column":32},"end":{"line":124,"column":34}},"32":{"start":{"line":125,"column":21},"end":{"line":125,"column":37}},"33":{"start":{"line":126,"column":31},"end":{"line":126,"column":55}},"34":{"start":{"line":127,"column":4},"end":{"line":138,"column":5}},"35":{"start":{"line":128,"column":30},"end":{"line":128,"column":73}},"36":{"start":{"line":129,"column":6},"end":{"line":137,"column":7}},"37":{"start":{"line":131,"column":28},"end":{"line":131,"column":55}},"38":{"start":{"line":132,"column":20},"end":{"line":132,"column":62}},"39":{"start":{"line":133,"column":8},"end":{"line":133,"column":75}},"40":{"start":{"line":134,"column":8},"end":{"line":134,"column":50}},"41":{"start":{"line":136,"column":8},"end":{"line":136,"column":65}},"42":{"start":{"line":140,"column":4},"end":{"line":140,"column":30}},"43":{"start":{"line":164,"column":21},"end":{"line":164,"column":23}},"44":{"start":{"line":166,"column":31},"end":{"line":166,"column":65}},"45":{"start":{"line":168,"column":4},"end":{"line":170,"column":7}},"46":{"start":{"line":169,"column":6},"end":{"line":169,"column":24}},"47":{"start":{"line":172,"column":28},"end":{"line":172,"column":59}},"48":{"start":{"line":174,"column":4},"end":{"line":182,"column":7}},"49":{"start":{"line":175,"column":27},"end":{"line":175,"column":96}},"50":{"start":{"line":175,"column":64},"end":{"line":175,"column":95}},"51":{"start":{"line":176,"column":22},"end":{"line":176,"column":44}},"52":{"start":{"line":177,"column":6},"end":{"line":181,"column":7}},"53":{"start":{"line":178,"column":8},"end":{"line":178,"column":15}},"54":{"start":{"line":180,"column":8},"end":{"line":180,"column":73}},"55":{"start":{"line":184,"column":4},"end":{"line":184,"column":20}}},"fnMap":{"0":{"name":"(anonymous_0)","decl":{"start":{"line":19,"column":2},"end":{"line":19,"column":3}},"loc":{"start":{"line":19,"column":70},"end":{"line":48,"column":3}},"line":19},"1":{"name":"(anonymous_1)","decl":{"start":{"line":58,"column":2},"end":{"line":58,"column":3}},"loc":{"start":{"line":58,"column":29},"end":{"line":64,"column":3}},"line":58},"2":{"name":"(anonymous_2)","decl":{"start":{"line":72,"column":2},"end":{"line":72,"column":3}},"loc":{"start":{"line":72,"column":17},"end":{"line":78,"column":3}},"line":72},"3":{"name":"(anonymous_3)","decl":{"start":{"line":93,"column":2},"end":{"line":93,"column":3}},"loc":{"start":{"line":93,"column":32},"end":{"line":107,"column":3}},"line":93},"4":{"name":"(anonymous_4)","decl":{"start":{"line":123,"column":2},"end":{"line":123,"column":3}},"loc":{"start":{"line":123,"column":29},"end":{"line":141,"column":3}},"line":123},"5":{"name":"(anonymous_5)","decl":{"start":{"line":163,"column":2},"end":{"line":163,"column":3}},"loc":{"start":{"line":163,"column":25},"end":{"line":185,"column":3}},"line":163},"6":{"name":"(anonymous_6)","decl":{"start":{"line":168,"column":31},"end":{"line":168,"column":32}},"loc":{"start":{"line":168,"column":39},"end":{"line":170,"column":5}},"line":168},"7":{"name":"(anonymous_7)","decl":{"start":{"line":174,"column":28},"end":{"line":174,"column":29}},"loc":{"start":{"line":174,"column":36},"end":{"line":182,"column":5}},"line":174},"8":{"name":"(anonymous_8)","decl":{"start":{"line":175,"column":56},"end":{"line":175,"column":57}},"loc":{"start":{"line":175,"column":64},"end":{"line":175,"column":95}},"line":175}},"branchMap":{"0":{"loc":{"start":{"line":19,"column":23},"end":{"line":19,"column":32}},"type":"default-arg","locations":[{"start":{"line":19,"column":30},"end":{"line":19,"column":32}}],"line":19},"1":{"loc":{"start":{"line":19,"column":34},"end":{"line":19,"column":51}},"type":"default-arg","locations":[{"start":{"line":19,"column":50},"end":{"line":19,"column":51}}],"line":19},"2":{"loc":{"start":{"line":19,"column":53},"end":{"line":19,"column":68}},"type":"default-arg","locations":[{"start":{"line":19,"column":67},"end":{"line":19,"column":68}}],"line":19},"3":{"loc":{"start":{"line":20,"column":4},"end":{"line":22,"column":5}},"type":"if","locations":[{"start":{"line":20,"column":4},"end":{"line":22,"column":5}},{"start":{},"end":{}}],"line":20},"4":{"loc":{"start":{"line":20,"column":8},"end":{"line":20,"column":39}},"type":"binary-expr","locations":[{"start":{"line":20,"column":8},"end":{"line":20,"column":12}},{"start":{"line":20,"column":16},"end":{"line":20,"column":39}}],"line":20},"5":{"loc":{"start":{"line":27,"column":4},"end":{"line":31,"column":5}},"type":"if","locations":[{"start":{"line":27,"column":4},"end":{"line":31,"column":5}},{"start":{"line":29,"column":11},"end":{"line":31,"column":5}}],"line":27},"6":{"loc":{"start":{"line":29,"column":11},"end":{"line":31,"column":5}},"type":"if","locations":[{"start":{"line":29,"column":11},"end":{"line":31,"column":5}},{"start":{},"end":{}}],"line":29},"7":{"loc":{"start":{"line":29,"column":15},"end":{"line":29,"column":87}},"type":"binary-expr","locations":[{"start":{"line":29,"column":15},"end":{"line":29,"column":50}},{"start":{"line":29,"column":54},"end":{"line":29,"column":87}}],"line":29},"8":{"loc":{"start":{"line":74,"column":4},"end":{"line":76,"column":5}},"type":"if","locations":[{"start":{"line":74,"column":4},"end":{"line":76,"column":5}},{"start":{},"end":{}}],"line":74},"9":{"loc":{"start":{"line":74,"column":8},"end":{"line":74,"column":39}},"type":"binary-expr","locations":[{"start":{"line":74,"column":8},"end":{"line":74,"column":13}},{"start":{"line":74,"column":17},"end":{"line":74,"column":39}}],"line":74},"10":{"loc":{"start":{"line":97,"column":4},"end":{"line":105,"column":5}},"type":"if","locations":[{"start":{"line":97,"column":4},"end":{"line":105,"column":5}},{"start":{},"end":{}}],"line":97},"11":{"loc":{"start":{"line":99,"column":6},"end":{"line":104,"column":7}},"type":"if","locations":[{"start":{"line":99,"column":6},"end":{"line":104,"column":7}},{"start":{"line":102,"column":13},"end":{"line":104,"column":7}}],"line":99},"12":{"loc":{"start":{"line":99,"column":10},"end":{"line":99,"column":103}},"type":"binary-expr","locations":[{"start":{"line":99,"column":10},"end":{"line":99,"column":18}},{"start":{"line":99,"column":22},"end":{"line":99,"column":35}},{"start":{"line":99,"column":39},"end":{"line":99,"column":57}},{"start":{"line":99,"column":61},"end":{"line":99,"column":103}}],"line":99},"13":{"loc":{"start":{"line":127,"column":4},"end":{"line":138,"column":5}},"type":"if","locations":[{"start":{"line":127,"column":4},"end":{"line":138,"column":5}},{"start":{},"end":{}}],"line":127},"14":{"loc":{"start":{"line":129,"column":6},"end":{"line":137,"column":7}},"type":"if","locations":[{"start":{"line":129,"column":6},"end":{"line":137,"column":7}},{"start":{"line":135,"column":13},"end":{"line":137,"column":7}}],"line":129},"15":{"loc":{"start":{"line":129,"column":10},"end":{"line":130,"column":59}},"type":"binary-expr","locations":[{"start":{"line":129,"column":10},"end":{"line":129,"column":25}},{"start":{"line":129,"column":29},"end":{"line":129,"column":49}},{"start":{"line":129,"column":53},"end":{"line":129,"column":78}},{"start":{"line":130,"column":10},"end":{"line":130,"column":59}}],"line":129},"16":{"loc":{"start":{"line":177,"column":6},"end":{"line":181,"column":7}},"type":"if","locations":[{"start":{"line":177,"column":6},"end":{"line":181,"column":7}},{"start":{"line":179,"column":13},"end":{"line":181,"column":7}}],"line":177},"17":{"loc":{"start":{"line":177,"column":10},"end":{"line":177,"column":78}},"type":"binary-expr","locations":[{"start":{"line":177,"column":10},"end":{"line":177,"column":24}},{"start":{"line":177,"column":28},"end":{"line":177,"column":78}}],"line":177}},"s":{"0":2,"1":2,"2":21,"3":0,"4":21,"5":21,"6":21,"7":11,"8":10,"9":1,"10":20,"11":20,"12":20,"13":10,"14":10,"15":10,"16":10,"17":14,"18":14,"19":4,"20":10,"21":7,"22":7,"23":7,"24":7,"25":5,"26":5,"27":5,"28":5,"29":0,"30":2,"31":7,"32":7,"33":7,"34":7,"35":5,"36":5,"37":5,"38":5,"39":5,"40":5,"41":0,"42":2,"43":1,"44":1,"45":1,"46":247,"47":1,"48":1,"49":247,"50":30628,"51":247,"52":247,"53":0,"54":247,"55":1},"f":{"0":21,"1":10,"2":14,"3":7,"4":7,"5":1,"6":247,"7":247,"8":30628},"b":{"0":[11],"1":[11],"2":[11],"3":[0,21],"4":[21,21],"5":[11,10],"6":[1,9],"7":[10,9],"8":[4,10],"9":[14,4],"10":[5,2],"11":[5,0],"12":[5,5,5,5],"13":[5,2],"14":[5,0],"15":[5,5,5,5],"16":[0,247],"17":[247,0]},"_coverageSchema":"1a1c01bbd47fc00a2c39e90264f33305004495a9","hash":"a1127b9ee44c3b78a8e7ab2262d019625b7d44a3"}
}
