TN:
SF:src/assets/bike-loader.gif
FNF:0
FNH:0
DA:1,1
LF:1
LH:1
BRF:0
BRH:0
end_of_record
TN:
SF:src/assets/oops.png
FNF:0
FNH:0
DA:1,1
LF:1
LH:1
BRF:0
BRH:0
end_of_record
TN:
SF:src/lib/Map.svelte
FNF:0
FNH:0
DA:2,1
DA:4,1
DA:5,1
DA:6,1
DA:12,1
DA:24,1
DA:31,0
DA:38,1
DA:51,0
DA:52,0
DA:54,0
DA:55,0
DA:56,0
DA:59,0
DA:61,0
DA:75,0
DA:78,0
DA:79,0
DA:80,0
DA:82,0
DA:83,0
DA:84,0
DA:86,0
DA:87,0
DA:88,0
DA:89,0
DA:90,0
DA:92,0
DA:95,0
DA:96,0
DA:100,0
DA:101,0
DA:107,0
DA:114,0
DA:124,1
DA:126,1
DA:132,1
DA:133,2
DA:134,1
DA:135,1
LF:40
LH:13
BRDA:133,0,0,1
BRDA:113,1,0,1
BRDA:113,1,1,0
BRF:3
BRH:2
end_of_record
TN:
SF:src/lib/Station.svelte
FN:76,(anonymous_37)
FNF:1
FNH:0
FNDA:0,(anonymous_37)
DA:2,2
DA:3,2
DA:4,2
DA:6,9
DA:7,9
DA:8,9
DA:9,9
DA:10,9
DA:11,9
DA:12,9
DA:13,9
DA:14,9
DA:15,9
DA:16,9
DA:19,9
DA:23,9
DA:24,9
DA:25,9
DA:26,9
DA:27,9
DA:28,9
DA:30,9
DA:32,9
DA:35,9
DA:37,9
DA:39,9
DA:43,9
DA:46,9
DA:47,9
DA:48,3
DA:49,3
DA:50,2
DA:51,2
DA:52,1
DA:55,3
DA:56,2
DA:60,9
DA:61,9
DA:66,9
DA:67,9
DA:68,9
DA:69,9
DA:73,9
DA:76,9
DA:77,9
DA:78,9
LF:46
LH:46
BRDA:32,0,0,7
BRDA:32,0,1,2
BRDA:39,1,0,7
BRDA:39,1,1,2
BRDA:47,2,0,9
BRDA:47,2,1,7
BRDA:47,2,2,3
BRDA:60,3,0,9
BRDA:60,3,1,9
BRDA:67,4,0,9
BRDA:32,5,0,0
BRDA:32,6,0,0
BRDA:32,6,1,0
BRDA:39,7,0,0
BRDA:39,8,0,0
BRDA:39,8,1,0
BRDA:43,9,0,0
BRDA:47,10,0,0
BRDA:47,10,1,0
BRDA:69,11,0,0
BRDA:49,12,0,3
BRDA:49,12,1,2
BRDA:55,13,0,3
BRDA:55,13,1,2
BRDA:51,14,0,2
BRDA:51,14,1,1
BRDA:61,15,0,0
BRDA:61,16,0,0
BRDA:61,16,1,0
BRDA:23,17,0,9
BRDA:23,17,1,0
BRDA:23,17,2,0
BRDA:23,17,3,0
BRDA:23,17,4,0
BRDA:23,17,5,9
BRDA:23,18,0,0
BRDA:23,18,1,0
BRDA:23,18,2,0
BRDA:23,18,3,0
BRDA:23,18,4,0
BRDA:19,19,0,5
BRDA:19,19,1,4
BRF:42
BRH:20
end_of_record
TN:
SF:src/lib/Stations.svelte
FN:206,(anonymous_42)
FN:206,(anonymous_68)
FN:163,(anonymous_79)
FN:164,(anonymous_80)
FN:165,(anonymous_81)
FN:166,(anonymous_82)
FN:181,(anonymous_83)
FN:182,(anonymous_84)
FN:183,(anonymous_85)
FNF:9
FNH:3
FNDA:8,(anonymous_42)
FNDA:2,(anonymous_68)
FNDA:0,(anonymous_79)
FNDA:0,(anonymous_80)
FNDA:0,(anonymous_81)
FNDA:0,(anonymous_82)
FNDA:0,(anonymous_83)
FNDA:0,(anonymous_84)
FNDA:2,(anonymous_85)
DA:2,1
DA:3,1
DA:4,1
DA:5,1
DA:6,1
DA:9,1
DA:10,1
DA:13,1
DA:14,1
DA:26,4
DA:27,4
DA:34,4
DA:35,4
DA:42,4
DA:51,4
DA:52,4
DA:57,4
DA:61,4
DA:72,0
DA:73,0
DA:74,0
DA:99,0
DA:100,0
DA:101,0
DA:102,0
DA:103,0
DA:105,0
DA:106,0
DA:119,0
DA:121,4
DA:123,1
DA:124,1
DA:126,0
DA:127,0
DA:128,0
DA:142,4
DA:143,4
DA:144,4
DA:145,4
DA:158,4
DA:159,4
DA:162,4
DA:163,4
DA:164,4
DA:165,4
DA:166,9
DA:170,4
DA:171,1
DA:173,0
DA:174,0
DA:175,0
DA:180,4
DA:181,4
DA:182,4
DA:183,6
DA:184,9
DA:186,1
DA:192,4
DA:193,0
DA:194,0
DA:198,9
DA:199,1
DA:200,1
DA:201,1
DA:204,4
DA:205,8
DA:206,10
DA:208,0
DA:209,0
DA:210,0
DA:211,0
DA:212,0
DA:213,0
DA:214,0
DA:215,0
DA:216,0
DA:217,0
DA:218,0
DA:222,4
DA:223,4
DA:224,4
LF:81
LH:51
BRDA:173,0,0,0
BRDA:174,1,0,0
BRDA:175,2,0,0
BRDA:194,3,0,0
BRDA:205,4,0,2
BRDA:200,5,0,1
BRDA:201,6,0,0
BRDA:223,7,0,4
BRDA:208,8,0,0
BRDA:209,9,0,0
BRDA:210,10,0,0
BRDA:211,11,0,0
BRDA:212,12,0,0
BRDA:213,13,0,0
BRDA:214,14,0,0
BRDA:215,15,0,0
BRDA:216,16,0,0
BRDA:217,17,0,0
BRDA:218,18,0,0
BRDA:166,19,0,0
BRDA:166,19,1,4
BRDA:170,20,0,4
BRDA:170,20,1,0
BRDA:184,21,0,8
BRDA:192,22,0,4
BRDA:192,22,1,0
BRDA:198,23,0,1
BRDA:166,24,0,0
BRDA:166,25,0,5
BRDA:166,25,1,5
BRDA:166,25,2,0
BRF:31
BRH:10
end_of_record
TN:
SF:src/lib/api/oslobysykkel.js
FN:19,(anonymous_0)
FN:58,(anonymous_1)
FN:72,(anonymous_2)
FN:93,(anonymous_3)
FN:123,(anonymous_4)
FN:163,(anonymous_5)
FN:168,(anonymous_6)
FN:174,(anonymous_7)
FN:175,(anonymous_8)
FNF:9
FNH:9
FNDA:21,(anonymous_0)
FNDA:10,(anonymous_1)
FNDA:14,(anonymous_2)
FNDA:7,(anonymous_3)
FNDA:7,(anonymous_4)
FNDA:1,(anonymous_5)
FNDA:247,(anonymous_6)
FNDA:247,(anonymous_7)
FNDA:30628,(anonymous_8)
DA:3,2
DA:5,2
DA:20,21
DA:21,0
DA:24,21
DA:25,21
DA:27,21
DA:28,11
DA:29,10
DA:30,1
DA:34,20
DA:42,20
DA:43,20
DA:45,10
DA:46,10
DA:59,10
DA:63,10
DA:73,14
DA:74,14
DA:75,4
DA:77,10
DA:94,7
DA:95,7
DA:96,7
DA:97,7
DA:98,5
DA:99,5
DA:100,5
DA:101,5
DA:103,0
DA:106,2
DA:124,7
DA:125,7
DA:126,7
DA:127,7
DA:128,5
DA:129,5
DA:131,5
DA:132,5
DA:133,5
DA:134,5
DA:136,0
DA:140,2
DA:164,1
DA:166,1
DA:168,1
DA:169,247
DA:172,1
DA:174,1
DA:175,30628
DA:176,247
DA:177,247
DA:178,0
DA:180,247
DA:184,1
LF:55
LH:51
BRDA:19,0,0,11
BRDA:19,1,0,11
BRDA:19,2,0,11
BRDA:20,3,0,0
BRDA:20,3,1,21
BRDA:20,4,0,21
BRDA:20,4,1,21
BRDA:27,5,0,11
BRDA:27,5,1,10
BRDA:29,6,0,1
BRDA:29,6,1,9
BRDA:29,7,0,10
BRDA:29,7,1,9
BRDA:74,8,0,4
BRDA:74,8,1,10
BRDA:74,9,0,14
BRDA:74,9,1,4
BRDA:97,10,0,5
BRDA:97,10,1,2
BRDA:99,11,0,5
BRDA:99,11,1,0
BRDA:99,12,0,5
BRDA:99,12,1,5
BRDA:99,12,2,5
BRDA:99,12,3,5
BRDA:127,13,0,5
BRDA:127,13,1,2
BRDA:129,14,0,5
BRDA:129,14,1,0
BRDA:129,15,0,5
BRDA:129,15,1,5
BRDA:129,15,2,5
BRDA:129,15,3,5
BRDA:177,16,0,0
BRDA:177,16,1,247
BRDA:177,17,0,247
BRDA:177,17,1,0
BRF:37
BRH:32
end_of_record
